2025-04-03 13:39:09,570 - database - INFO - Контракты для ППЭ 1: 1 записей
2025-04-03 13:39:10,344 - database - INFO - Контракты для ППЭ 1: 1 записей
2025-04-03 13:39:25,791 - database - INFO - Контракты для ППЭ 101: 0 записей
2025-04-03 13:39:28,848 - database - INFO - Контракты для ППЭ 101: 0 записей
2025-04-03 13:45:34,286 - database - ERROR - Ошибка выполнения запроса: column "ppe_address" does not exist
LINE 2:                     SELECT ppe_number, ppe_address 
                                               ^

2025-04-03 13:45:37,226 - database - ERROR - Ошибка выполнения запроса: column "ppe_address" does not exist
LINE 2:                     SELECT ppe_number, ppe_address 
                                               ^

2025-04-03 13:46:45,830 - database - ERROR - Ошибка выполнения запроса: column "ppe_address" does not exist
LINE 2:                     SELECT id, ppe_address 
                                       ^

2025-04-03 13:46:49,082 - database - ERROR - Ошибка выполнения запроса: column "ppe_address" does not exist
LINE 2:                     SELECT ppe_number, ppe_address 
                                               ^

2025-04-03 14:14:01,371 - contracts - INFO - Загружены реквизиты для school_id 2: {'code_contract': '66', 'day': 3, 'month_name': 'апреля', 'year': 2025, 'year_next': 2026, 'num_contract': '0366200035624007702', 'date_contract': '02.12.2024', 'name_contract': 'на поставку ноутбуков для проведения ГИА в Тульской области', 'school_id': 2, 'school_fullname': 'Муниципальное бюджетное общеобразовательное учреждение "Средняя общеобразовательная школа № 1" г. Белева Тульской области', 'school_address': '301530, Тульская обл., Белевский район, г. Белев, ул. Советская, д. 91-А', 'INN': 7122007380, 'KPP': 712201001, 'OKPO': 24701291, 'OGRN': 1027103271458, 'cur_acc': '', 'bank_acc': '', 'pers_acc': '', 'fullname': 'Муниципальное бюджетное общеобразовательное учреждение "Средняя общеобразовательная школа № 1" г. Белева Тульской области', 'address': '301530, Тульская обл., Белевский район, г. Белев, ул. Советская, д. 91-А'}
2025-04-03 14:14:01,447 - contracts - INFO - Получено 1 позиций оборудования для организации для ППЭ 2
2025-04-03 14:14:01,488 - contracts - INFO - Ключи контекста: ['code_contract', 'day', 'month_name', 'year', 'year_next', 'num_contract', 'date_contract', 'name_contract', 'school_id', 'school_fullname', 'school_address', 'INN', 'KPP', 'OKPO', 'OGRN', 'cur_acc', 'bank_acc', 'pers_acc', 'fullname', 'address', 'ppe_address', 'equipment_list', 'total', 'total_price_text', 'job_title', 'surname', 'name', 'second_name']
2025-04-03 14:14:01,488 - contracts - INFO - Значения контекста: {'code_contract': '66', 'day': 3, 'month_name': 'апреля', 'year': 2025, 'year_next': 2026, 'num_contract': '0366200035624007702', 'date_contract': '02.12.2024', 'name_contract': 'на поставку ноутбуков для проведения ГИА в Тульской области', 'school_id': 2, 'school_fullname': 'Муниципальное бюджетное общеобразовательное учреждение "Средняя общеобразовательная школа № 1" г. Белева Тульской области', 'school_address': '301530, Тульская обл., Белевский район, г. Белев, ул. Советская, д. 91-А', 'INN': 7122007380, 'KPP': 712201001, 'OKPO': 24701291, 'OGRN': 1027103271458, 'cur_acc': '', 'bank_acc': '', 'pers_acc': '', 'fullname': 'Муниципальное бюджетное общеобразовательное учреждение "Средняя общеобразовательная школа № 1" г. Белева Тульской области', 'address': '301530, Тульская обл., Белевский район, г. Белев, ул. Советская, д. 91-А', 'ppe_address': '301530, Тульская обл., Белевский район, г. Белев, ул. Советская, д. 91-А', 'equipment_list': [{'row_number': 1, 'equip_name': 'Ноутбук. Aquarius', 'count_equip': 2, 'inv_numbers': '41013420248080000722\n 41013420248080000723', 'equip_price': '60000.00', 'total_price': '120000.00'}], 'total': '120000.00', 'total_price_text': 'Сто двадцать тысяч рублей 00 копеек', 'job_title': '', 'surname': '', 'name': '', 'second_name': ''}
2025-04-03 14:14:02,405 - contracts - INFO - Договор сформирован и сохранён: C:\Users\erokhina\Documents\TempContracts\contract_2_20250403141401.docx
2025-04-03 15:00:49,439 - contracts - INFO - Загружены реквизиты для school_id 7: {'code_contract': '66', 'day': 3, 'month_name': 'апреля', 'year': 2025, 'year_next': 2026, 'num_contract': '0366200035624007702', 'date_contract': '02.12.2024', 'name_contract': 'на поставку ноутбуков для проведения ГИА в Тульской области', 'school_id': 7, 'school_fullname': 'Муниципальное казенное общеобразовательное учреждение Дубенская средняя общеобразовательная школа муниципального образования Дубенский район', 'school_address': '301160, Тульская обл., Дубенский район, п. Дубна, ул. Первомайская, д. 89-а', 'INN': 7125006674, 'KPP': 712501001, 'OKPO': 1, 'OGRN': 1027103470800, 'cur_acc': '', 'bank_acc': '', 'pers_acc': '', 'fullname': 'Муниципальное казенное общеобразовательное учреждение Дубенская средняя общеобразовательная школа муниципального образования Дубенский район', 'address': '301160, Тульская обл., Дубенский район, п. Дубна, ул. Первомайская, д. 89-а'}
2025-04-03 15:00:49,498 - contracts - INFO - Получено 1 позиций оборудования для организации для ППЭ 7
2025-04-03 15:00:49,539 - contracts - INFO - Ключи контекста: ['code_contract', 'day', 'month_name', 'year', 'year_next', 'num_contract', 'date_contract', 'name_contract', 'school_id', 'school_fullname', 'school_address', 'INN', 'KPP', 'OKPO', 'OGRN', 'cur_acc', 'bank_acc', 'pers_acc', 'fullname', 'address', 'ppe_address', 'equipment_list', 'total', 'total_price_text', 'job_title', 'surname', 'name', 'second_name']
2025-04-03 15:00:49,539 - contracts - INFO - Значения контекста: {'code_contract': '66', 'day': 3, 'month_name': 'апреля', 'year': 2025, 'year_next': 2026, 'num_contract': '0366200035624007702', 'date_contract': '02.12.2024', 'name_contract': 'на поставку ноутбуков для проведения ГИА в Тульской области', 'school_id': 7, 'school_fullname': 'Муниципальное казенное общеобразовательное учреждение Дубенская средняя общеобразовательная школа муниципального образования Дубенский район', 'school_address': '301160, Тульская обл., Дубенский район, п. Дубна, ул. Первомайская, д. 89-а', 'INN': 7125006674, 'KPP': 712501001, 'OKPO': 1, 'OGRN': 1027103470800, 'cur_acc': '', 'bank_acc': '', 'pers_acc': '', 'fullname': 'Муниципальное казенное общеобразовательное учреждение Дубенская средняя общеобразовательная школа муниципального образования Дубенский район', 'address': '301160, Тульская обл., Дубенский район, п. Дубна, ул. Первомайская, д. 89-а', 'ppe_address': '301160, Тульская обл., п. Дубна, ул. Первомайская, д. 89-а', 'equipment_list': [{'row_number': 1, 'equip_name': 'Ноутбук. Aquarius', 'count_equip': 2, 'inv_numbers': '41013420248080000658\n 41013420248080000659', 'equip_price': '60000.00', 'total_price': '120000.00'}], 'total': '120000.00', 'total_price_text': 'Сто двадцать тысяч рублей 00 копеек', 'job_title': '', 'surname': '', 'name': '', 'second_name': ''}
2025-04-03 15:00:50,465 - contracts - INFO - Договор сформирован и сохранён: C:\Users\erokhina\Documents\TempContracts\contract_7_20250403150049.docx
2025-04-03 15:37:31,306 - contracts - WARNING - Не найдены реквизиты для school_id: 86
2025-04-03 15:37:31,416 - contracts - INFO - Получено 1 позиций оборудования для организации для ППЭ 11
2025-04-03 15:37:31,461 - contracts - INFO - Ключи контекста: ['code_contract', 'day', 'month_name', 'year', 'year_next', 'num_contract', 'date_contract', 'name_contract', 'ppe_address', 'equipment_list', 'total', 'total_price_text', 'job_title', 'surname', 'name', 'second_name']
2025-04-03 15:37:31,462 - contracts - INFO - Значения контекста: {'code_contract': '1', 'day': 3, 'month_name': 'апреля', 'year': 2025, 'year_next': 2026, 'num_contract': '0366200035624007702', 'date_contract': '02.12.2024', 'name_contract': 'на поставку ноутбуков для проведения ГИА в Тульской области', 'ppe_address': '301260, Тульская обл., Киреевский район, г. Киреевск, ул. Ленина, д. 32', 'equipment_list': [{'row_number': 1, 'equip_name': 'Ноутбук. Aquarius', 'count_equip': 2, 'inv_numbers': '41013420248080000704\r\n\n 41013420248080000705\r\n', 'equip_price': '60000.00', 'total_price': '120000.00'}], 'total': '120000.00', 'total_price_text': 'Сто двадцать тысяч рублей 00 копеек', 'job_title': '', 'surname': '', 'name': '', 'second_name': ''}
2025-04-03 15:37:32,315 - contracts - INFO - Договор сформирован и сохранён: C:\Users\erokhina\Documents\TempContracts\preview_contract_11_20250403153731.docx
2025-04-03 15:38:29,257 - contracts - WARNING - Не найдены реквизиты для school_id: 86
2025-04-03 15:38:29,355 - contracts - INFO - Получено 1 позиций оборудования для организации для ППЭ 11
2025-04-03 15:38:29,396 - contracts - INFO - Ключи контекста: ['code_contract', 'day', 'month_name', 'year', 'year_next', 'num_contract', 'date_contract', 'name_contract', 'ppe_address', 'equipment_list', 'total', 'total_price_text', 'job_title', 'surname', 'name', 'second_name']
2025-04-03 15:38:29,396 - contracts - INFO - Значения контекста: {'code_contract': '1', 'day': 3, 'month_name': 'апреля', 'year': 2025, 'year_next': 2026, 'num_contract': '0366200035624007702', 'date_contract': '02.12.2024', 'name_contract': 'на поставку ноутбуков для проведения ГИА в Тульской области', 'ppe_address': '301260, Тульская обл., Киреевский район, г. Киреевск, ул. Ленина, д. 32', 'equipment_list': [{'row_number': 1, 'equip_name': 'Ноутбук. Aquarius', 'count_equip': 2, 'inv_numbers': '41013420248080000704\r\n\n 41013420248080000705\r\n', 'equip_price': '60000.00', 'total_price': '120000.00'}], 'total': '120000.00', 'total_price_text': 'Сто двадцать тысяч рублей 00 копеек', 'job_title': '', 'surname': '', 'name': '', 'second_name': ''}
2025-04-03 15:38:30,297 - contracts - INFO - Договор сформирован и сохранён: C:\Users\erokhina\Documents\TempContracts\preview_contract_11_20250403153829.docx
